[0.006s] Invoking command in '/home/talae/AMR_LAB1_ws/build/LAB1_package': CMAKE_PREFIX_PATH=${CMAKE_PREFIX_PATH}:/opt/ros/humble /usr/bin/cmake /home/talae/AMR_LAB1_ws/src/LAB1_package -DCMAKE_INSTALL_PREFIX=/home/talae/AMR_LAB1_ws/install/LAB1_package
[0.041s] -- The C compiler identification is GNU 11.4.0
[0.071s] -- The CXX compiler identification is GNU 11.4.0
[0.075s] -- Detecting C compiler ABI info
[0.106s] -- Detecting C compiler ABI info - done
[0.109s] -- Check for working C compiler: /usr/bin/cc - skipped
[0.109s] -- Detecting C compile features
[0.110s] -- Detecting C compile features - done
[0.111s] -- Detecting CXX compiler ABI info
[0.160s] -- Detecting CXX compiler ABI info - done
[0.163s] -- Check for working CXX compiler: /usr/bin/c++ - skipped
[0.163s] -- Detecting CXX compile features
[0.163s] -- Detecting CXX compile features - done
[0.165s] -- Found ament_cmake: 1.3.12 (/opt/ros/humble/share/ament_cmake/cmake)
[0.248s] -- Found Python3: /usr/bin/python3 (found version "3.10.12") found components: Interpreter 
[0.290s] -- Found rclcpp: 16.0.16 (/opt/ros/humble/share/rclcpp/cmake)
[0.311s] -- Found rosidl_generator_c: 3.1.7 (/opt/ros/humble/share/rosidl_generator_c/cmake)
[0.313s] -- Found rosidl_adapter: 3.1.7 (/opt/ros/humble/share/rosidl_adapter/cmake)
[0.316s] -- Found rosidl_generator_cpp: 3.1.7 (/opt/ros/humble/share/rosidl_generator_cpp/cmake)
[0.322s] -- Using all available rosidl_typesupport_c: rosidl_typesupport_fastrtps_c;rosidl_typesupport_introspection_c
[0.330s] -- Using all available rosidl_typesupport_cpp: rosidl_typesupport_fastrtps_cpp;rosidl_typesupport_introspection_cpp
[0.348s] -- Found rmw_implementation_cmake: 6.1.2 (/opt/ros/humble/share/rmw_implementation_cmake/cmake)
[0.350s] -- Found rmw_fastrtps_cpp: 6.2.9 (/opt/ros/humble/share/rmw_fastrtps_cpp/cmake)
[0.402s] -- Found OpenSSL: /usr/lib/x86_64-linux-gnu/libcrypto.so (found version "3.0.2")  
[0.413s] -- Found FastRTPS: /opt/ros/humble/include  
[0.432s] -- Using RMW implementation 'rmw_fastrtps_cpp' as default
[0.436s] -- Looking for pthread.h
[0.481s] -- Looking for pthread.h - found
[0.482s] -- Performing Test CMAKE_HAVE_LIBC_PTHREAD
[0.521s] -- Performing Test CMAKE_HAVE_LIBC_PTHREAD - Success
[0.522s] -- Found Threads: TRUE  
[0.544s] -- Found rclpy: 3.3.19 (/opt/ros/humble/share/rclpy/cmake)
[0.583s] WARNING: Package name "LAB1_package" does not follow the naming conventions. It should start with a lower case letter and only contain lower case letters, digits, underscores, and dashes.
[0.611s] WARNING: Package name "LAB1_package" does not follow the naming conventions. It should start with a lower case letter and only contain lower case letters, digits, underscores, and dashes.
[0.615s] -- Configuring done
[0.619s] -- Generating done
[0.620s] -- Build files have been written to: /home/talae/AMR_LAB1_ws/build/LAB1_package
[0.626s] Invoked command in '/home/talae/AMR_LAB1_ws/build/LAB1_package' returned '0': CMAKE_PREFIX_PATH=${CMAKE_PREFIX_PATH}:/opt/ros/humble /usr/bin/cmake /home/talae/AMR_LAB1_ws/src/LAB1_package -DCMAKE_INSTALL_PREFIX=/home/talae/AMR_LAB1_ws/install/LAB1_package
[0.626s] Invoking command in '/home/talae/AMR_LAB1_ws/build/LAB1_package': CMAKE_PREFIX_PATH=${CMAKE_PREFIX_PATH}:/opt/ros/humble /usr/bin/cmake --build /home/talae/AMR_LAB1_ws/build/LAB1_package -- -j20 -l20
[0.657s] [ 50%] [32mBuilding CXX object CMakeFiles/cpp_node_test.dir/src/cpp_node.cpp.o[0m
[0.661s] [ 50%] Built target ament_cmake_python_copy_LAB1_package
[0.761s] [100%] [32m[1mLinking CXX executable cpp_node_test[0m
[0.765s] running egg_info
[0.765s] creating LAB1_package.egg-info
[0.765s] writing LAB1_package.egg-info/PKG-INFO
[0.765s] writing dependency_links to LAB1_package.egg-info/dependency_links.txt
[0.765s] writing top-level names to LAB1_package.egg-info/top_level.txt
[0.765s] writing manifest file 'LAB1_package.egg-info/SOURCES.txt'
[0.765s] reading manifest file 'LAB1_package.egg-info/SOURCES.txt'
[0.765s] writing manifest file 'LAB1_package.egg-info/SOURCES.txt'
[0.779s] [100%] Built target ament_cmake_python_build_LAB1_package_egg
[0.814s] [100%] Built target cpp_node_test
[0.822s] Invoked command in '/home/talae/AMR_LAB1_ws/build/LAB1_package' returned '0': CMAKE_PREFIX_PATH=${CMAKE_PREFIX_PATH}:/opt/ros/humble /usr/bin/cmake --build /home/talae/AMR_LAB1_ws/build/LAB1_package -- -j20 -l20
[0.826s] Invoking command in '/home/talae/AMR_LAB1_ws/build/LAB1_package': CMAKE_PREFIX_PATH=${CMAKE_PREFIX_PATH}:/opt/ros/humble /usr/bin/cmake --install /home/talae/AMR_LAB1_ws/build/LAB1_package
[0.830s] -- Install configuration: ""
[0.830s] -- Installing: /home/talae/AMR_LAB1_ws/install/LAB1_package/share/LAB1_package/environment/pythonpath.sh
[0.830s] -- Installing: /home/talae/AMR_LAB1_ws/install/LAB1_package/share/LAB1_package/environment/pythonpath.dsv
[0.830s] -- Installing: /home/talae/AMR_LAB1_ws/install/LAB1_package/local/lib/python3.10/dist-packages/LAB1_package-0.0.0-py3.10.egg-info
[0.830s] -- Installing: /home/talae/AMR_LAB1_ws/install/LAB1_package/local/lib/python3.10/dist-packages/LAB1_package-0.0.0-py3.10.egg-info/PKG-INFO
[0.830s] -- Installing: /home/talae/AMR_LAB1_ws/install/LAB1_package/local/lib/python3.10/dist-packages/LAB1_package-0.0.0-py3.10.egg-info/dependency_links.txt
[0.830s] -- Installing: /home/talae/AMR_LAB1_ws/install/LAB1_package/local/lib/python3.10/dist-packages/LAB1_package-0.0.0-py3.10.egg-info/SOURCES.txt
[0.830s] -- Installing: /home/talae/AMR_LAB1_ws/install/LAB1_package/local/lib/python3.10/dist-packages/LAB1_package-0.0.0-py3.10.egg-info/top_level.txt
[0.830s] -- Installing: /home/talae/AMR_LAB1_ws/install/LAB1_package/local/lib/python3.10/dist-packages/LAB1_package
[0.830s] -- Installing: /home/talae/AMR_LAB1_ws/install/LAB1_package/local/lib/python3.10/dist-packages/LAB1_package/dummy_module.py
[0.830s] -- Installing: /home/talae/AMR_LAB1_ws/install/LAB1_package/local/lib/python3.10/dist-packages/LAB1_package/__init__.py
[0.848s] Listing '/home/talae/AMR_LAB1_ws/install/LAB1_package/local/lib/python3.10/dist-packages/LAB1_package'...
[0.848s] Compiling '/home/talae/AMR_LAB1_ws/install/LAB1_package/local/lib/python3.10/dist-packages/LAB1_package/__init__.py'...
[0.848s] Compiling '/home/talae/AMR_LAB1_ws/install/LAB1_package/local/lib/python3.10/dist-packages/LAB1_package/dummy_module.py'...
[0.850s] -- Installing: /home/talae/AMR_LAB1_ws/install/LAB1_package/lib/LAB1_package/dummy_script.py
[0.850s] -- Installing: /home/talae/AMR_LAB1_ws/install/LAB1_package/lib/LAB1_package/cpp_node_test
[0.850s] -- Set runtime path of "/home/talae/AMR_LAB1_ws/install/LAB1_package/lib/LAB1_package/cpp_node_test" to ""
[0.850s] -- Up-to-date: /home/talae/AMR_LAB1_ws/install/LAB1_package/share/LAB1_package
[0.850s] -- Installing: /home/talae/AMR_LAB1_ws/install/LAB1_package/share/ament_index/resource_index/package_run_dependencies/LAB1_package
[0.850s] -- Installing: /home/talae/AMR_LAB1_ws/install/LAB1_package/share/ament_index/resource_index/parent_prefix_path/LAB1_package
[0.850s] -- Installing: /home/talae/AMR_LAB1_ws/install/LAB1_package/share/LAB1_package/environment/ament_prefix_path.sh
[0.850s] -- Installing: /home/talae/AMR_LAB1_ws/install/LAB1_package/share/LAB1_package/environment/ament_prefix_path.dsv
[0.850s] -- Installing: /home/talae/AMR_LAB1_ws/install/LAB1_package/share/LAB1_package/environment/path.sh
[0.850s] -- Installing: /home/talae/AMR_LAB1_ws/install/LAB1_package/share/LAB1_package/environment/path.dsv
[0.850s] -- Installing: /home/talae/AMR_LAB1_ws/install/LAB1_package/share/LAB1_package/local_setup.bash
[0.850s] -- Installing: /home/talae/AMR_LAB1_ws/install/LAB1_package/share/LAB1_package/local_setup.sh
[0.850s] -- Installing: /home/talae/AMR_LAB1_ws/install/LAB1_package/share/LAB1_package/local_setup.zsh
[0.850s] -- Installing: /home/talae/AMR_LAB1_ws/install/LAB1_package/share/LAB1_package/local_setup.dsv
[0.850s] -- Installing: /home/talae/AMR_LAB1_ws/install/LAB1_package/share/LAB1_package/package.dsv
[0.850s] -- Installing: /home/talae/AMR_LAB1_ws/install/LAB1_package/share/ament_index/resource_index/packages/LAB1_package
[0.850s] -- Installing: /home/talae/AMR_LAB1_ws/install/LAB1_package/share/LAB1_package/cmake/LAB1_packageConfig.cmake
[0.851s] -- Installing: /home/talae/AMR_LAB1_ws/install/LAB1_package/share/LAB1_package/cmake/LAB1_packageConfig-version.cmake
[0.851s] -- Installing: /home/talae/AMR_LAB1_ws/install/LAB1_package/share/LAB1_package/package.xml
[0.852s] Invoked command in '/home/talae/AMR_LAB1_ws/build/LAB1_package' returned '0': CMAKE_PREFIX_PATH=${CMAKE_PREFIX_PATH}:/opt/ros/humble /usr/bin/cmake --install /home/talae/AMR_LAB1_ws/build/LAB1_package
